#
# There is insufficient memory for the Java Runtime Environment to continue.
# Native memory allocation (malloc) failed to allocate 172336 bytes for Chunk::new
# Possible reasons:
#   The system is out of physical RAM or swap space
#   The process is running with CompressedOops enabled, and the Java Heap may be blocking the growth of the native heap
# Possible solutions:
#   Reduce memory load on the system
#   Increase physical memory or swap space
#   Check if swap backing store is full
#   Decrease Java heap size (-Xmx/-Xms)
#   Decrease number of Java threads
#   Decrease Java thread stack sizes (-Xss)
#   Set larger code cache with -XX:ReservedCodeCacheSize=
#   JVM is running with Unscaled Compressed Oops mode in which the Java heap is
#     placed in the first 4GB address space. The Java Heap base address is the
#     maximum limit for the native heap growth. Please use -XX:HeapBaseMinAddress
#     to set the Java Heap base and to place the Java Heap above 4GB virtual address.
# This output file may be truncated or incomplete.
#
#  Out of Memory Error (arena.cpp:189), pid=3160, tid=1412
#
# JRE version: OpenJDK Runtime Environment Temurin-17.0.7+7 (17.0.7+7) (build 17.0.7+7)
# Java VM: OpenJDK 64-Bit Server VM Temurin-17.0.7+7 (17.0.7+7, mixed mode, tiered, compressed oops, compressed class ptrs, parallel gc, windows-amd64)
# No core dump will be written. Minidumps are not enabled by default on client versions of Windows
#

---------------  S U M M A R Y ------------

Command Line: --add-modules=ALL-SYSTEM --add-opens=java.base/java.util=ALL-UNNAMED --add-opens=java.base/java.lang=ALL-UNNAMED --add-opens=java.base/sun.nio.fs=ALL-UNNAMED -Declipse.application=org.eclipse.jdt.ls.core.id1 -Dosgi.bundles.defaultStartLevel=4 -Declipse.product=org.eclipse.jdt.ls.core.product -Djava.import.generatesMetadataFilesAtProjectRoot=false -Dfile.encoding=utf8 -XX:+UseParallelGC -XX:GCTimeRatio=4 -XX:AdaptiveSizePolicyWeight=90 -Dsun.zip.disableMemoryMapping=true -Xmx1G -Xms100m -Xlog:disable -javaagent:c:\Users\HP\.vscode\extensions\redhat.java-1.20.0-win32-x64\lombok\lombok-1.18.28.jar -XX:+HeapDumpOnOutOfMemoryError -XX:HeapDumpPath=c:\Users\HP\AppData\Roaming\Code\User\workspaceStorage\cf0f371222e29d7158bc5312d113716f\redhat.java -Daether.dependencyCollector.impl=bf c:\Users\HP\.vscode\extensions\redhat.java-1.20.0-win32-x64\server\plugins\org.eclipse.equinox.launcher_1.6.500.v20230622-2056.jar -configuration c:\Users\HP\AppData\Roaming\Code\User\globalStorage\redhat.java\1.20.0\config_win -data c:\Users\HP\AppData\Roaming\Code\User\workspaceStorage\cf0f371222e29d7158bc5312d113716f\redhat.java\jdt_ws

Host: Intel(R) Core(TM) i5-8265U CPU @ 1.60GHz, 8 cores, 7G,  Windows 11 , 64 bit Build 22621 (10.0.22621.1928)
Time: Tue Jul 25 13:45:06 2023 SE Asia Standard Time elapsed time: 3.864947 seconds (0d 0h 0m 3s)

---------------  T H R E A D  ---------------

Current thread (0x000001e27f9e4320):  JavaThread "C2 CompilerThread0" daemon [_thread_in_native, id=1412, stack(0x00000098fe300000,0x00000098fe400000)]


Current CompileTask:
C2:   3865 1953   !   4       java.util.concurrent.ConcurrentHashMap::putVal (433 bytes)

Stack: [0x00000098fe300000,0x00000098fe400000]
Native frames: (J=compiled Java code, j=interpreted, Vv=VM code, C=native code)
V  [jvm.dll+0x67754a]
V  [jvm.dll+0x834304]
V  [jvm.dll+0x835aae]
V  [jvm.dll+0x836113]
V  [jvm.dll+0x24696f]
V  [jvm.dll+0xac0ac]
V  [jvm.dll+0xac67c]
V  [jvm.dll+0x364de2]
V  [jvm.dll+0x32f6b1]
V  [jvm.dll+0x32eb5a]
V  [jvm.dll+0x219641]
V  [jvm.dll+0x218a61]
V  [jvm.dll+0x1a4d8d]
V  [jvm.dll+0x2284da]
V  [jvm.dll+0x226615]
V  [jvm.dll+0x7ea90b]
V  [jvm.dll+0x7e4e7a]
V  [jvm.dll+0x676395]
C  [ucrtbase.dll+0x29363]
C  [KERNEL32.DLL+0x126ad]
C  [ntdll.dll+0x5aa68]


---------------  P R O C E S S  ---------------

Threads class SMR info:
_java_thread_list=0x000001e210430af0, length=17, elements={
0x000001e27395b9c0, 0x000001e273a18900, 0x000001e273a1a780, 0x000001e27a729fb0,
0x000001e27a72ab60, 0x000001e27a72b710, 0x000001e27a72e1d0, 0x000001e27f9e4320,
0x000001e27fa4bc80, 0x000001e27fa4ea30, 0x000001e27fb1bad0, 0x000001e27fd8e810,
0x000001e210085f50, 0x000001e21017def0, 0x000001e21017e5d0, 0x000001e21013d0b0,
0x000001e210440b50
}

Java Threads: ( => current thread )
  0x000001e27395b9c0 JavaThread "main" [_thread_blocked, id=9556, stack(0x00000098fda00000,0x00000098fdb00000)]
  0x000001e273a18900 JavaThread "Reference Handler" daemon [_thread_blocked, id=19248, stack(0x00000098fdd00000,0x00000098fde00000)]
  0x000001e273a1a780 JavaThread "Finalizer" daemon [_thread_blocked, id=22548, stack(0x00000098fde00000,0x00000098fdf00000)]
  0x000001e27a729fb0 JavaThread "Signal Dispatcher" daemon [_thread_blocked, id=8776, stack(0x00000098fdf00000,0x00000098fe000000)]
  0x000001e27a72ab60 JavaThread "Attach Listener" daemon [_thread_blocked, id=18736, stack(0x00000098fe000000,0x00000098fe100000)]
  0x000001e27a72b710 JavaThread "Service Thread" daemon [_thread_blocked, id=21888, stack(0x00000098fe100000,0x00000098fe200000)]
  0x000001e27a72e1d0 JavaThread "Monitor Deflation Thread" daemon [_thread_blocked, id=4208, stack(0x00000098fe200000,0x00000098fe300000)]
=>0x000001e27f9e4320 JavaThread "C2 CompilerThread0" daemon [_thread_in_native, id=1412, stack(0x00000098fe300000,0x00000098fe400000)]
  0x000001e27fa4bc80 JavaThread "C1 CompilerThread0" daemon [_thread_blocked, id=11976, stack(0x00000098fe400000,0x00000098fe500000)]
  0x000001e27fa4ea30 JavaThread "Sweeper thread" daemon [_thread_blocked, id=488, stack(0x00000098fe500000,0x00000098fe600000)]
  0x000001e27fb1bad0 JavaThread "Common-Cleaner" daemon [_thread_blocked, id=11620, stack(0x00000098fe600000,0x00000098fe700000)]
  0x000001e27fd8e810 JavaThread "Notification Thread" daemon [_thread_blocked, id=16764, stack(0x00000098fe700000,0x00000098fe800000)]
  0x000001e210085f50 JavaThread "Active Thread: Equinox Container: 5af021fa-7caf-468e-9a3f-1babdaebc6ff" [_thread_blocked, id=19692, stack(0x00000098fef00000,0x00000098ff000000)]
  0x000001e21017def0 JavaThread "Framework Event Dispatcher: Equinox Container: 5af021fa-7caf-468e-9a3f-1babdaebc6ff" daemon [_thread_blocked, id=6360, stack(0x00000098ff000000,0x00000098ff100000)]
  0x000001e21017e5d0 JavaThread "Start Level: Equinox Container: 5af021fa-7caf-468e-9a3f-1babdaebc6ff" daemon [_thread_in_Java, id=15096, stack(0x00000098ff100000,0x00000098ff200000)]
  0x000001e21013d0b0 JavaThread "SCR Component Actor" daemon [_thread_blocked, id=9988, stack(0x00000098ff200000,0x00000098ff300000)]
  0x000001e210440b50 JavaThread "SCR Component Registry" daemon [_thread_blocked, id=7860, stack(0x00000098ff400000,0x00000098ff500000)]

Other Threads:
  0x000001e27f9b1d00 VMThread "VM Thread" [stack: 0x00000098fdc00000,0x00000098fdd00000] [id=12920]
  0x000001e27fd8ece0 WatcherThread [stack: 0x00000098fe800000,0x00000098fe900000] [id=6260]
  0x000001e27396f440 GCTaskThread "GC Thread#0" [stack: 0x00000098fdb00000,0x00000098fdc00000] [id=17240]
  0x000001e20ffe4010 GCTaskThread "GC Thread#1" [stack: 0x00000098fe900000,0x00000098fea00000] [id=17624]
  0x000001e20fe0a060 GCTaskThread "GC Thread#2" [stack: 0x00000098fea00000,0x00000098feb00000] [id=1268]
  0x000001e20ffe42c0 GCTaskThread "GC Thread#3" [stack: 0x00000098feb00000,0x00000098fec00000] [id=18940]
  0x000001e210037590 GCTaskThread "GC Thread#4" [stack: 0x00000098fec00000,0x00000098fed00000] [id=14012]
  0x000001e210037840 GCTaskThread "GC Thread#5" [stack: 0x00000098fed00000,0x00000098fee00000] [id=16988]
  0x000001e210037af0 GCTaskThread "GC Thread#6" [stack: 0x00000098fee00000,0x00000098fef00000] [id=19892]
  0x000001e21041b750 GCTaskThread "GC Thread#7" [stack: 0x00000098ff300000,0x00000098ff400000] [id=2816]

Threads with active compile tasks:
C2 CompilerThread0     3916 1953   !   4       java.util.concurrent.ConcurrentHashMap::putVal (433 bytes)

VM state: not at safepoint (normal execution)

VM Mutex/Monitor currently owned by a thread: None

Heap address: 0x00000000c0000000, size: 1024 MB, Compressed Oops mode: 32-bit

CDS archive(s) not mapped
Compressed class space mapped at: 0x0000000100000000-0x0000000140000000, reserved size: 1073741824
Narrow klass base: 0x0000000000000000, Narrow klass shift: 3, Narrow klass range: 0x140000000

GC Precious Log:
 CPUs: 8 total, 8 available
 Memory: 8079M
 Large Page Support: Disabled
 NUMA Support: Disabled
 Compressed Oops: Enabled (32-bit)
 Alignments: Space 512K, Generation 512K, Heap 2M
 Heap Min Capacity: 100M
 Heap Initial Capacity: 100M
 Heap Max Capacity: 1G
 Pre-touch: Disabled
 Parallel Workers: 8

Heap:
 PSYoungGen      total 29696K, used 22279K [0x00000000eab00000, 0x00000000ecc00000, 0x0000000100000000)
  eden space 25600K, 71% used [0x00000000eab00000,0x00000000ebcc60e0,0x00000000ec400000)
  from space 4096K, 99% used [0x00000000ec800000,0x00000000ecbfbbf8,0x00000000ecc00000)
  to   space 4096K, 0% used [0x00000000ec400000,0x00000000ec400000,0x00000000ec800000)
 ParOldGen       total 68608K, used 1414K [0x00000000c0000000, 0x00000000c4300000, 0x00000000eab00000)
  object space 68608K, 2% used [0x00000000c0000000,0x00000000c0161840,0x00000000c4300000)
 Metaspace       used 18386K, committed 18816K, reserved 1114112K
  class space    used 1864K, committed 2048K, reserved 1048576K

Card table byte_map: [0x000001e277fa0000,0x000001e2781b0000] _byte_map_base: 0x000001e2779a0000

Marking Bits: (ParMarkBitMap*) 0x00007fff14a552c0
 Begin Bits: [0x000001e278310000, 0x000001e279310000)
 End Bits:   [0x000001e279310000, 0x000001e27a310000)

Polling page: 0x000001e273a20000

Metaspace:

Usage:
  Non-class:     16.13 MB used.
      Class:      1.82 MB used.
       Both:     17.96 MB used.

Virtual space:
  Non-class space:       64.00 MB reserved,      16.38 MB ( 26%) committed,  1 nodes.
      Class space:        1.00 GB reserved,       2.00 MB ( <1%) committed,  1 nodes.
             Both:        1.06 GB reserved,      18.38 MB (  2%) committed. 

Chunk freelists:
   Non-Class:  15.19 MB
       Class:  13.99 MB
        Both:  29.18 MB

MaxMetaspaceSize: unlimited
CompressedClassSpaceSize: 1.00 GB
Initial GC threshold: 21.00 MB
Current GC threshold: 21.00 MB
CDS: off
MetaspaceReclaimPolicy: balanced
 - commit_granule_bytes: 65536.
 - commit_granule_words: 8192.
 - virtual_space_node_default_size: 8388608.
 - enlarge_chunks_in_place: 1.
 - new_chunks_are_fully_committed: 0.
 - uncommit_free_chunks: 1.
 - use_allocation_guard: 0.
 - handle_deallocations: 1.


Internal statistics:

num_allocs_failed_limit: 0.
num_arena_births: 124.
num_arena_deaths: 0.
num_vsnodes_births: 2.
num_vsnodes_deaths: 0.
num_space_committed: 294.
num_space_uncommitted: 0.
num_chunks_returned_to_freelist: 0.
num_chunks_taken_from_freelist: 499.
num_chunk_merges: 0.
num_chunk_splits: 311.
num_chunks_enlarged: 213.
num_inconsistent_stats: 0.

CodeHeap 'non-profiled nmethods': size=120000Kb used=714Kb max_used=714Kb free=119285Kb
 bounds [0x000001e207ad0000, 0x000001e207d40000, 0x000001e20f000000]
CodeHeap 'profiled nmethods': size=120000Kb used=3931Kb max_used=3931Kb free=116068Kb
 bounds [0x000001e200000000, 0x000001e2003e0000, 0x000001e207530000]
CodeHeap 'non-nmethods': size=5760Kb used=1175Kb max_used=1198Kb free=4584Kb
 bounds [0x000001e207530000, 0x000001e2077a0000, 0x000001e207ad0000]
 total_blobs=2454 nmethods=1979 adapters=389
 compilation: enabled
              stopped_count=0, restarted_count=0
 full_count=0

Compilation events (20 events):
Event: 3.845 Thread 0x000001e27fa4bc80 nmethod 1956 0x000001e2003c3f10 code [0x000001e2003c40c0, 0x000001e2003c4338]
Event: 3.846 Thread 0x000001e27fa4bc80 1958       3       java.io.DataInputStream::readByte (23 bytes)
Event: 3.846 Thread 0x000001e27fa4bc80 nmethod 1958 0x000001e2003c4490 code [0x000001e2003c4640, 0x000001e2003c4918]
Event: 3.847 Thread 0x000001e27fa4bc80 1959       3       java.lang.String::codePointAt (50 bytes)
Event: 3.848 Thread 0x000001e27fa4bc80 nmethod 1959 0x000001e2003c4a10 code [0x000001e2003c4c00, 0x000001e2003c4fa8]
Event: 3.849 Thread 0x000001e27fa4bc80 1964       3       java.lang.invoke.DirectMethodHandle::<init> (148 bytes)
Event: 3.851 Thread 0x000001e27fa4bc80 nmethod 1964 0x000001e2003c5190 code [0x000001e2003c5440, 0x000001e2003c6328]
Event: 3.851 Thread 0x000001e27fa4bc80 1966       3       sun.invoke.util.VerifyAccess::isMemberAccessible (338 bytes)
Event: 3.853 Thread 0x000001e27fa4bc80 nmethod 1966 0x000001e2003c6810 code [0x000001e2003c6ba0, 0x000001e2003c7f48]
Event: 3.853 Thread 0x000001e27fa4bc80 1965       3       java.lang.invoke.MethodHandles$Lookup::fixmods (28 bytes)
Event: 3.853 Thread 0x000001e27fa4bc80 nmethod 1965 0x000001e2003c8490 code [0x000001e2003c8640, 0x000001e2003c8878]
Event: 3.854 Thread 0x000001e27fa4bc80 1968       3       java.util.LinkedList$Node::<init> (20 bytes)
Event: 3.854 Thread 0x000001e27fa4bc80 nmethod 1968 0x000001e2003c8910 code [0x000001e2003c8aa0, 0x000001e2003c8c58]
Event: 3.854 Thread 0x000001e27fa4bc80 1970       3       org.eclipse.osgi.internal.framework.FilterImpl$And::matches0 (41 bytes)
Event: 3.854 Thread 0x000001e27fa4bc80 nmethod 1970 0x000001e2003c8d10 code [0x000001e2003c8ec0, 0x000001e2003c9208]
Event: 3.854 Thread 0x000001e27fa4bc80 1969       3       java.util.LinkedList$ListItr::checkForComodification (23 bytes)
Event: 3.855 Thread 0x000001e27fa4bc80 nmethod 1969 0x000001e2003c9390 code [0x000001e2003c9540, 0x000001e2003c9768]
Event: 3.855 Thread 0x000001e27fa4bc80 1971       3       org.eclipse.osgi.internal.loader.classpath.ClasspathEntry::findEntry (56 bytes)
Event: 3.856 Thread 0x000001e27fa4bc80 nmethod 1971 0x000001e2003c9890 code [0x000001e2003c9bc0, 0x000001e2003cb3e8]
Event: 3.858 Thread 0x000001e27fa4bc80 1972   !   3       org.eclipse.osgi.internal.loader.classpath.ClasspathManager::findClassImpl (308 bytes)

GC Heap History (4 events):
Event: 1.908 GC heap before
{Heap before GC invocations=1 (full 0):
 PSYoungGen      total 29696K, used 25600K [0x00000000eab00000, 0x00000000ecc00000, 0x0000000100000000)
  eden space 25600K, 100% used [0x00000000eab00000,0x00000000ec400000,0x00000000ec400000)
  from space 4096K, 0% used [0x00000000ec800000,0x00000000ec800000,0x00000000ecc00000)
  to   space 4096K, 0% used [0x00000000ec400000,0x00000000ec400000,0x00000000ec800000)
 ParOldGen       total 68608K, used 0K [0x00000000c0000000, 0x00000000c4300000, 0x00000000eab00000)
  object space 68608K, 0% used [0x00000000c0000000,0x00000000c0000000,0x00000000c4300000)
 Metaspace       used 11211K, committed 11392K, reserved 1114112K
  class space    used 1122K, committed 1216K, reserved 1048576K
}
Event: 1.919 GC heap after
{Heap after GC invocations=1 (full 0):
 PSYoungGen      total 29696K, used 3144K [0x00000000eab00000, 0x00000000ecc00000, 0x0000000100000000)
  eden space 25600K, 0% used [0x00000000eab00000,0x00000000eab00000,0x00000000ec400000)
  from space 4096K, 76% used [0x00000000ec400000,0x00000000ec7123a8,0x00000000ec800000)
  to   space 4096K, 0% used [0x00000000ec800000,0x00000000ec800000,0x00000000ecc00000)
 ParOldGen       total 68608K, used 16K [0x00000000c0000000, 0x00000000c4300000, 0x00000000eab00000)
  object space 68608K, 0% used [0x00000000c0000000,0x00000000c0004000,0x00000000c4300000)
 Metaspace       used 11211K, committed 11392K, reserved 1114112K
  class space    used 1122K, committed 1216K, reserved 1048576K
}
Event: 3.160 GC heap before
{Heap before GC invocations=2 (full 0):
 PSYoungGen      total 29696K, used 28744K [0x00000000eab00000, 0x00000000ecc00000, 0x0000000100000000)
  eden space 25600K, 100% used [0x00000000eab00000,0x00000000ec400000,0x00000000ec400000)
  from space 4096K, 76% used [0x00000000ec400000,0x00000000ec7123a8,0x00000000ec800000)
  to   space 4096K, 0% used [0x00000000ec800000,0x00000000ec800000,0x00000000ecc00000)
 ParOldGen       total 68608K, used 16K [0x00000000c0000000, 0x00000000c4300000, 0x00000000eab00000)
  object space 68608K, 0% used [0x00000000c0000000,0x00000000c0004000,0x00000000c4300000)
 Metaspace       used 14957K, committed 15232K, reserved 1114112K
  class space    used 1515K, committed 1664K, reserved 1048576K
}
Event: 3.170 GC heap after
{Heap after GC invocations=2 (full 0):
 PSYoungGen      total 29696K, used 4078K [0x00000000eab00000, 0x00000000ecc00000, 0x0000000100000000)
  eden space 25600K, 0% used [0x00000000eab00000,0x00000000eab00000,0x00000000ec400000)
  from space 4096K, 99% used [0x00000000ec800000,0x00000000ecbfbbf8,0x00000000ecc00000)
  to   space 4096K, 0% used [0x00000000ec400000,0x00000000ec400000,0x00000000ec800000)
 ParOldGen       total 68608K, used 1414K [0x00000000c0000000, 0x00000000c4300000, 0x00000000eab00000)
  object space 68608K, 2% used [0x00000000c0000000,0x00000000c0161840,0x00000000c4300000)
 Metaspace       used 14957K, committed 15232K, reserved 1114112K
  class space    used 1515K, committed 1664K, reserved 1048576K
}

Dll operation events (9 events):
Event: 0.018 Loaded shared library c:\Users\HP\.vscode\extensions\redhat.java-1.20.0-win32-x64\jre\17.0.7-win32-x86_64\bin\java.dll
Event: 0.392 Loaded shared library c:\Users\HP\.vscode\extensions\redhat.java-1.20.0-win32-x64\jre\17.0.7-win32-x86_64\bin\zip.dll
Event: 0.398 Loaded shared library C:\Users\HP\.vscode\extensions\redhat.java-1.20.0-win32-x64\jre\17.0.7-win32-x86_64\bin\instrument.dll
Event: 0.424 Loaded shared library C:\Users\HP\.vscode\extensions\redhat.java-1.20.0-win32-x64\jre\17.0.7-win32-x86_64\bin\net.dll
Event: 0.426 Loaded shared library C:\Users\HP\.vscode\extensions\redhat.java-1.20.0-win32-x64\jre\17.0.7-win32-x86_64\bin\nio.dll
Event: 0.439 Loaded shared library C:\Users\HP\.vscode\extensions\redhat.java-1.20.0-win32-x64\jre\17.0.7-win32-x86_64\bin\zip.dll
Event: 0.472 Loaded shared library C:\Users\HP\.vscode\extensions\redhat.java-1.20.0-win32-x64\jre\17.0.7-win32-x86_64\bin\jimage.dll
Event: 0.556 Loaded shared library c:\Users\HP\.vscode\extensions\redhat.java-1.20.0-win32-x64\jre\17.0.7-win32-x86_64\bin\verify.dll
Event: 2.899 Loaded shared library C:\Users\HP\AppData\Roaming\Code\User\globalStorage\redhat.java\1.20.0\config_win\org.eclipse.equinox.launcher\org.eclipse.equinox.launcher.win32.win32.x86_64_1.2.700.v20221108-1024\eclipse_11801.dll

Deoptimization events (20 events):
Event: 3.838 Thread 0x000001e21017e5d0 Uncommon trap: trap_request=0xffffffc6 fr.pc=0x000001e207b740b0 relative=0x0000000000000370
Event: 3.838 Thread 0x000001e21017e5d0 Uncommon trap: reason=bimorphic_or_optimized_type_check action=maybe_recompile pc=0x000001e207b740b0 method=java.io.DataInputStream.readByte()B @ 4 c2
Event: 3.838 Thread 0x000001e21017e5d0 DEOPT PACKING pc=0x000001e207b740b0 sp=0x00000098ff1f3c70
Event: 3.838 Thread 0x000001e21017e5d0 DEOPT UNPACKING pc=0x000001e2075866a3 sp=0x00000098ff1f3c28 mode 2
Event: 3.838 Thread 0x000001e21017e5d0 Uncommon trap: trap_request=0xffffffc6 fr.pc=0x000001e207b740b0 relative=0x0000000000000370
Event: 3.838 Thread 0x000001e21017e5d0 Uncommon trap: reason=bimorphic_or_optimized_type_check action=maybe_recompile pc=0x000001e207b740b0 method=java.io.DataInputStream.readByte()B @ 4 c2
Event: 3.838 Thread 0x000001e21017e5d0 DEOPT PACKING pc=0x000001e207b740b0 sp=0x00000098ff1f3c70
Event: 3.838 Thread 0x000001e21017e5d0 DEOPT UNPACKING pc=0x000001e2075866a3 sp=0x00000098ff1f3c28 mode 2
Event: 3.838 Thread 0x000001e21017e5d0 Uncommon trap: trap_request=0xffffffc6 fr.pc=0x000001e207b75744 relative=0x0000000000000d84
Event: 3.838 Thread 0x000001e21017e5d0 Uncommon trap: reason=bimorphic_or_optimized_type_check action=maybe_recompile pc=0x000001e207b75744 method=java.io.DataInputStream.readInt()I @ 4 c2
Event: 3.838 Thread 0x000001e21017e5d0 DEOPT PACKING pc=0x000001e207b75744 sp=0x00000098ff1f3c80
Event: 3.838 Thread 0x000001e21017e5d0 DEOPT UNPACKING pc=0x000001e2075866a3 sp=0x00000098ff1f3c30 mode 2
Event: 3.838 Thread 0x000001e21017e5d0 Uncommon trap: trap_request=0xffffffc6 fr.pc=0x000001e207b75744 relative=0x0000000000000d84
Event: 3.838 Thread 0x000001e21017e5d0 Uncommon trap: reason=bimorphic_or_optimized_type_check action=maybe_recompile pc=0x000001e207b75744 method=java.io.DataInputStream.readInt()I @ 4 c2
Event: 3.838 Thread 0x000001e21017e5d0 DEOPT PACKING pc=0x000001e207b75744 sp=0x00000098ff1f3cf0
Event: 3.838 Thread 0x000001e21017e5d0 DEOPT UNPACKING pc=0x000001e2075866a3 sp=0x00000098ff1f3ca0 mode 2
Event: 3.838 Thread 0x000001e21017e5d0 Uncommon trap: trap_request=0xffffffc6 fr.pc=0x000001e207b75744 relative=0x0000000000000d84
Event: 3.838 Thread 0x000001e21017e5d0 Uncommon trap: reason=bimorphic_or_optimized_type_check action=maybe_recompile pc=0x000001e207b75744 method=java.io.DataInputStream.readInt()I @ 4 c2
Event: 3.838 Thread 0x000001e21017e5d0 DEOPT PACKING pc=0x000001e207b75744 sp=0x00000098ff1f3c80
Event: 3.838 Thread 0x000001e21017e5d0 DEOPT UNPACKING pc=0x000001e2075866a3 sp=0x00000098ff1f3c30 mode 2

Classes unloaded (0 events):
No events

Classes redefined (0 events):
No events

Internal exceptions (20 events):
Event: 1.557 Thread 0x000001e27395b9c0 Exception <a 'java/lang/ClassNotFoundException'{0x00000000ebfe9168}: sun/net/www/protocol/d/Handler> (0x00000000ebfe9168) 
thrown [s\src\hotspot\share\classfile\systemDictionary.cpp, line 256]
Event: 1.557 Thread 0x000001e27395b9c0 Exception <a 'java/lang/ClassNotFoundException'{0x00000000ebfea278}: sun/net/www/protocol/c/Handler> (0x00000000ebfea278) 
thrown [s\src\hotspot\share\classfile\systemDictionary.cpp, line 256]
Event: 1.599 Thread 0x000001e27395b9c0 Exception <a 'java/io/FileNotFoundException'{0x00000000ec010c18}> (0x00000000ec010c18) 
thrown [s\src\hotspot\share\prims\jni.cpp, line 516]
Event: 1.698 Thread 0x000001e27395b9c0 Implicit null exception at 0x000001e207b0dc6c to 0x000001e207b0de64
Event: 1.698 Thread 0x000001e27395b9c0 Implicit null exception at 0x000001e207b10a6c to 0x000001e207b10c54
Event: 1.698 Thread 0x000001e27395b9c0 Implicit null exception at 0x000001e207b05e0f to 0x000001e207b05e89
Event: 1.824 Thread 0x000001e27395b9c0 Exception <a 'java/lang/NoSuchMethodError'{0x00000000ec2e28a8}: 'int java.lang.invoke.DirectMethodHandle$Holder.invokeStaticInit(java.lang.Object, java.lang.Object, java.lang.Object, java.lang.Object)'> (0x00000000ec2e28a8) 
thrown [s\src\hotspot\share\interpreter\linkResolver.cpp, line 759]
Event: 1.827 Thread 0x000001e27395b9c0 Exception <a 'java/lang/NoSuchMethodError'{0x00000000ec2ecf18}: 'java.lang.Object java.lang.invoke.DirectMethodHandle$Holder.invokeInterface(java.lang.Object, java.lang.Object)'> (0x00000000ec2ecf18) 
thrown [s\src\hotspot\share\interpreter\linkResolver.cpp, line 759]
Event: 1.828 Thread 0x000001e27395b9c0 Exception <a 'java/lang/IncompatibleClassChangeError'{0x00000000ec2f0710}: Found class java.lang.Object, but interface was expected> (0x00000000ec2f0710) 
thrown [s\src\hotspot\share\interpreter\linkResolver.cpp, line 826]
Event: 1.829 Thread 0x000001e27395b9c0 Exception <a 'java/lang/NoSuchMethodError'{0x00000000ec2f4c08}: 'void java.lang.invoke.DirectMethodHandle$Holder.invokeStatic(java.lang.Object, java.lang.Object)'> (0x00000000ec2f4c08) 
thrown [s\src\hotspot\share\interpreter\linkResolver.cpp, line 759]
Event: 1.830 Thread 0x000001e27395b9c0 Exception <a 'java/lang/NoSuchMethodError'{0x00000000ec2f8408}: 'void java.lang.invoke.DirectMethodHandle$Holder.invokeStaticInit(java.lang.Object, java.lang.Object)'> (0x00000000ec2f8408) 
thrown [s\src\hotspot\share\interpreter\linkResolver.cpp, line 759]
Event: 1.832 Thread 0x000001e27395b9c0 Exception <a 'java/lang/NoSuchMethodError'{0x00000000ec2ff8a0}: 'int java.lang.invoke.DirectMethodHandle$Holder.invokeStaticInit(java.lang.Object, java.lang.Object)'> (0x00000000ec2ff8a0) 
thrown [s\src\hotspot\share\interpreter\linkResolver.cpp, line 759]
Event: 1.931 Thread 0x000001e27395b9c0 Exception <a 'java/lang/NoSuchMethodError'{0x00000000eab45d88}: 'void java.lang.invoke.DirectMethodHandle$Holder.invokeSpecial(java.lang.Object, java.lang.Object, java.lang.Object)'> (0x00000000eab45d88) 
thrown [s\src\hotspot\share\interpreter\linkResolver.cpp, line 759]
Event: 2.567 Thread 0x000001e27395b9c0 Exception <a 'java/lang/NoSuchMethodError'{0x00000000eb85d620}: 'java.lang.Object java.lang.invoke.DirectMethodHandle$Holder.newInvokeSpecial(java.lang.Object, int, java.lang.Object)'> (0x00000000eb85d620) 
thrown [s\src\hotspot\share\interpreter\linkResolver.cpp, line 759]
Event: 2.891 Thread 0x000001e27395b9c0 Exception <a 'java/lang/UnsatisfiedLinkError'{0x00000000ebdef248}: 'void org.eclipse.equinox.launcher.JNIBridge._update_splash()'> (0x00000000ebdef248) 
thrown [s\src\hotspot\share\prims\nativeLookup.cpp, line 543]
Event: 2.977 Thread 0x000001e21017e5d0 Exception <a 'java/lang/NoSuchMethodError'{0x00000000ec0c7c30}: 'java.lang.Object java.lang.invoke.DirectMethodHandle$Holder.invokeStaticInit(java.lang.Object)'> (0x00000000ec0c7c30) 
thrown [s\src\hotspot\share\interpreter\linkResolver.cpp, line 759]
Event: 3.458 Thread 0x000001e21017e5d0 Exception <a 'java/io/FileNotFoundException'{0x00000000eb3d6400}> (0x00000000eb3d6400) 
thrown [s\src\hotspot\share\prims\jni.cpp, line 516]
Event: 3.477 Thread 0x000001e21017e5d0 Exception <a 'java/lang/NullPointerException'{0x00000000eb42ce38}> (0x00000000eb42ce38) 
thrown [s\src\hotspot\share\interpreter\linkResolver.cpp, line 1350]
Event: 3.477 Thread 0x000001e21017e5d0 Exception <a 'java/lang/NullPointerException'{0x00000000eb42d660}> (0x00000000eb42d660) 
thrown [s\src\hotspot\share\interpreter\linkResolver.cpp, line 1350]
Event: 3.692 Thread 0x000001e21017e5d0 Exception <a 'java/lang/NoSuchMethodError'{0x00000000eb76c5d0}: 'java.lang.Object java.lang.invoke.Invokers$Holder.invokeExact_MT(java.lang.Object, java.lang.Object, java.lang.Object, java.lang.Object, java.lang.Object, java.lang.Object)'> (0x00000000eb76c5d0) 
thrown [s\src\hotspot\share\interpreter\linkResolver.cpp, line 759]

VM Operations (20 events):
Event: 1.137 Executing VM operation: Cleanup
Event: 1.138 Executing VM operation: Cleanup done
Event: 1.908 Executing VM operation: ParallelGCFailedAllocation
Event: 1.919 Executing VM operation: ParallelGCFailedAllocation done
Event: 2.471 Executing VM operation: HandshakeAllThreads
Event: 2.501 Executing VM operation: HandshakeAllThreads done
Event: 2.502 Executing VM operation: HandshakeAllThreads
Event: 2.502 Executing VM operation: HandshakeAllThreads done
Event: 2.515 Executing VM operation: HandshakeAllThreads
Event: 2.516 Executing VM operation: HandshakeAllThreads done
Event: 2.557 Executing VM operation: HandshakeAllThreads
Event: 2.557 Executing VM operation: HandshakeAllThreads done
Event: 3.012 Executing VM operation: HandshakeAllThreads
Event: 3.012 Executing VM operation: HandshakeAllThreads done
Event: 3.012 Executing VM operation: Cleanup
Event: 3.012 Executing VM operation: Cleanup done
Event: 3.160 Executing VM operation: ParallelGCFailedAllocation
Event: 3.171 Executing VM operation: ParallelGCFailedAllocation done
Event: 3.839 Executing VM operation: HandshakeAllThreads
Event: 3.839 Executing VM operation: HandshakeAllThreads done

Events (20 events):
Event: 3.840 loading class java/time/zone/TzdbZoneRulesProvider
Event: 3.840 loading class java/time/zone/TzdbZoneRulesProvider done
Event: 3.845 loading class java/time/zone/Ser
Event: 3.846 loading class java/io/Externalizable
Event: 3.846 loading class java/io/Externalizable done
Event: 3.846 loading class java/time/zone/Ser done
Event: 3.847 loading class java/util/Formatter
Event: 3.847 loading class java/util/Formatter done
Event: 3.850 loading class java/util/Formatter$FixedString
Event: 3.850 loading class java/util/Formatter$FormatString
Event: 3.850 loading class java/util/Formatter$FormatString done
Event: 3.850 loading class java/util/Formatter$FixedString done
Event: 3.850 loading class java/util/Formatter$Conversion
Event: 3.851 loading class java/util/Formatter$Conversion done
Event: 3.851 loading class java/util/Formatter$FormatSpecifier
Event: 3.852 loading class java/util/Formatter$FormatSpecifier done
Event: 3.853 loading class java/util/Formatter$Flags
Event: 3.853 loading class java/util/Formatter$Flags done
Event: 3.853 loading class java/util/Formattable
Event: 3.853 loading class java/util/Formattable done


Dynamic libraries:
0x00007ff7f1080000 - 0x00007ff7f108e000 	c:\Users\HP\.vscode\extensions\redhat.java-1.20.0-win32-x64\jre\17.0.7-win32-x86_64\bin\java.exe
0x00007fff63030000 - 0x00007fff63244000 	C:\WINDOWS\SYSTEM32\ntdll.dll
0x00007fff61380000 - 0x00007fff61442000 	C:\WINDOWS\System32\KERNEL32.DLL
0x00007fff606c0000 - 0x00007fff60a63000 	C:\WINDOWS\System32\KERNELBASE.dll
0x00007fff60430000 - 0x00007fff60541000 	C:\WINDOWS\System32\ucrtbase.dll
0x00007fff521c0000 - 0x00007fff521d7000 	c:\Users\HP\.vscode\extensions\redhat.java-1.20.0-win32-x64\jre\17.0.7-win32-x86_64\bin\jli.dll
0x00007fff4a950000 - 0x00007fff4a969000 	c:\Users\HP\.vscode\extensions\redhat.java-1.20.0-win32-x64\jre\17.0.7-win32-x86_64\bin\VCRUNTIME140.dll
0x00007fff62e00000 - 0x00007fff62faa000 	C:\WINDOWS\System32\USER32.dll
0x00007fff60b90000 - 0x00007fff60bb6000 	C:\WINDOWS\System32\win32u.dll
0x00007fff61cb0000 - 0x00007fff61cd9000 	C:\WINDOWS\System32\GDI32.dll
0x00007fff45b70000 - 0x00007fff45dfe000 	C:\WINDOWS\WinSxS\amd64_microsoft.windows.common-controls_6595b64144ccf1df_6.0.22621.1635_none_270f70857386168e\COMCTL32.dll
0x00007fff60cf0000 - 0x00007fff60e09000 	C:\WINDOWS\System32\gdi32full.dll
0x00007fff61b50000 - 0x00007fff61bf7000 	C:\WINDOWS\System32\msvcrt.dll
0x00007fff60af0000 - 0x00007fff60b8a000 	C:\WINDOWS\System32\msvcp_win.dll
0x00007fff62fb0000 - 0x00007fff62fe1000 	C:\WINDOWS\System32\IMM32.DLL
0x00007fff59370000 - 0x00007fff5937c000 	c:\Users\HP\.vscode\extensions\redhat.java-1.20.0-win32-x64\jre\17.0.7-win32-x86_64\bin\vcruntime140_1.dll
0x00007fff41300000 - 0x00007fff41391000 	c:\Users\HP\.vscode\extensions\redhat.java-1.20.0-win32-x64\jre\17.0.7-win32-x86_64\bin\msvcp140.dll
0x00007fff13ed0000 - 0x00007fff14b18000 	c:\Users\HP\.vscode\extensions\redhat.java-1.20.0-win32-x64\jre\17.0.7-win32-x86_64\bin\server\jvm.dll
0x00007fff61540000 - 0x00007fff615ee000 	C:\WINDOWS\System32\ADVAPI32.dll
0x00007fff62d40000 - 0x00007fff62de4000 	C:\WINDOWS\System32\sechost.dll
0x00007fff62330000 - 0x00007fff62447000 	C:\WINDOWS\System32\RPCRT4.dll
0x00007fff36710000 - 0x00007fff36719000 	C:\WINDOWS\SYSTEM32\WSOCK32.dll
0x00007fff60e10000 - 0x00007fff60e81000 	C:\WINDOWS\System32\WS2_32.dll
0x00007fff589c0000 - 0x00007fff589f4000 	C:\WINDOWS\SYSTEM32\WINMM.dll
0x00007fff54fb0000 - 0x00007fff54fba000 	C:\WINDOWS\SYSTEM32\VERSION.dll
0x00007fff5f470000 - 0x00007fff5f488000 	C:\WINDOWS\SYSTEM32\kernel.appcore.dll
0x00007fff58c00000 - 0x00007fff58c0a000 	c:\Users\HP\.vscode\extensions\redhat.java-1.20.0-win32-x64\jre\17.0.7-win32-x86_64\bin\jimage.dll
0x00007fff5de00000 - 0x00007fff5e02e000 	C:\WINDOWS\SYSTEM32\DBGHELP.DLL
0x00007fff61610000 - 0x00007fff61999000 	C:\WINDOWS\System32\combase.dll
0x00007fff611d0000 - 0x00007fff612a7000 	C:\WINDOWS\System32\OLEAUT32.dll
0x00007fff432e0000 - 0x00007fff43312000 	C:\WINDOWS\SYSTEM32\dbgcore.DLL
0x00007fff60a70000 - 0x00007fff60aea000 	C:\WINDOWS\System32\bcryptPrimitives.dll
0x00007fff58b70000 - 0x00007fff58b7e000 	c:\Users\HP\.vscode\extensions\redhat.java-1.20.0-win32-x64\jre\17.0.7-win32-x86_64\bin\instrument.dll
0x00007fff47950000 - 0x00007fff47975000 	c:\Users\HP\.vscode\extensions\redhat.java-1.20.0-win32-x64\jre\17.0.7-win32-x86_64\bin\java.dll
0x00007fff4a0a0000 - 0x00007fff4a0b8000 	c:\Users\HP\.vscode\extensions\redhat.java-1.20.0-win32-x64\jre\17.0.7-win32-x86_64\bin\zip.dll
0x00007fff624c0000 - 0x00007fff62cb9000 	C:\WINDOWS\System32\SHELL32.dll
0x00007fff5e420000 - 0x00007fff5ecee000 	C:\WINDOWS\SYSTEM32\windows.storage.dll
0x00007fff5e2e0000 - 0x00007fff5e41e000 	C:\WINDOWS\SYSTEM32\wintypes.dll
0x00007fff610d0000 - 0x00007fff611c1000 	C:\WINDOWS\System32\SHCORE.dll
0x00007fff614e0000 - 0x00007fff6153e000 	C:\WINDOWS\System32\shlwapi.dll
0x00007fff60360000 - 0x00007fff60386000 	C:\WINDOWS\SYSTEM32\profapi.dll
0x00007fff49170000 - 0x00007fff49189000 	C:\Users\HP\.vscode\extensions\redhat.java-1.20.0-win32-x64\jre\17.0.7-win32-x86_64\bin\net.dll
0x00007fff55610000 - 0x00007fff55747000 	C:\WINDOWS\SYSTEM32\WINHTTP.dll
0x00007fff5f8f0000 - 0x00007fff5f959000 	C:\WINDOWS\system32\mswsock.dll
0x00007fff45f20000 - 0x00007fff45f35000 	C:\Users\HP\.vscode\extensions\redhat.java-1.20.0-win32-x64\jre\17.0.7-win32-x86_64\bin\nio.dll
0x00007fff58b10000 - 0x00007fff58b20000 	c:\Users\HP\.vscode\extensions\redhat.java-1.20.0-win32-x64\jre\17.0.7-win32-x86_64\bin\verify.dll
0x00007fff44180000 - 0x00007fff441be000 	C:\Users\HP\AppData\Roaming\Code\User\globalStorage\redhat.java\1.20.0\config_win\org.eclipse.equinox.launcher\org.eclipse.equinox.launcher.win32.win32.x86_64_1.2.700.v20221108-1024\eclipse_11801.dll
0x00007fff619b0000 - 0x00007fff61b4c000 	C:\WINDOWS\System32\ole32.dll

dbghelp: loaded successfully - version: 4.0.5 - missing functions: none
symbol engine: initialized successfully - sym options: 0x614 - pdb path: .;c:\Users\HP\.vscode\extensions\redhat.java-1.20.0-win32-x64\jre\17.0.7-win32-x86_64\bin;C:\WINDOWS\SYSTEM32;C:\WINDOWS\WinSxS\amd64_microsoft.windows.common-controls_6595b64144ccf1df_6.0.22621.1635_none_270f70857386168e;c:\Users\HP\.vscode\extensions\redhat.java-1.20.0-win32-x64\jre\17.0.7-win32-x86_64\bin\server;C:\Users\HP\AppData\Roaming\Code\User\globalStorage\redhat.java\1.20.0\config_win\org.eclipse.equinox.launcher\org.eclipse.equinox.launcher.win32.win32.x86_64_1.2.700.v20221108-1024

VM Arguments:
jvm_args: --add-modules=ALL-SYSTEM --add-opens=java.base/java.util=ALL-UNNAMED --add-opens=java.base/java.lang=ALL-UNNAMED --add-opens=java.base/sun.nio.fs=ALL-UNNAMED -Declipse.application=org.eclipse.jdt.ls.core.id1 -Dosgi.bundles.defaultStartLevel=4 -Declipse.product=org.eclipse.jdt.ls.core.product -Djava.import.generatesMetadataFilesAtProjectRoot=false -Dfile.encoding=utf8 -XX:+UseParallelGC -XX:GCTimeRatio=4 -XX:AdaptiveSizePolicyWeight=90 -Dsun.zip.disableMemoryMapping=true -Xmx1G -Xms100m -Xlog:disable -javaagent:c:\Users\HP\.vscode\extensions\redhat.java-1.20.0-win32-x64\lombok\lombok-1.18.28.jar -XX:+HeapDumpOnOutOfMemoryError -XX:HeapDumpPath=c:\Users\HP\AppData\Roaming\Code\User\workspaceStorage\cf0f371222e29d7158bc5312d113716f\redhat.java -Daether.dependencyCollector.impl=bf 
java_command: c:\Users\HP\.vscode\extensions\redhat.java-1.20.0-win32-x64\server\plugins\org.eclipse.equinox.launcher_1.6.500.v20230622-2056.jar -configuration c:\Users\HP\AppData\Roaming\Code\User\globalStorage\redhat.java\1.20.0\config_win -data c:\Users\HP\AppData\Roaming\Code\User\workspaceStorage\cf0f371222e29d7158bc5312d113716f\redhat.java\jdt_ws
java_class_path (initial): c:\Users\HP\.vscode\extensions\redhat.java-1.20.0-win32-x64\server\plugins\org.eclipse.equinox.launcher_1.6.500.v20230622-2056.jar
Launcher Type: SUN_STANDARD

[Global flags]
    uintx AdaptiveSizePolicyWeight                 = 90                                        {product} {command line}
     intx CICompilerCount                          = 4                                         {product} {ergonomic}
    uintx GCTimeRatio                              = 4                                         {product} {command line}
     bool HeapDumpOnOutOfMemoryError               = true                                   {manageable} {command line}
    ccstr HeapDumpPath                             = c:\Users\HP\AppData\Roaming\Code\User\workspaceStorage\cf0f371222e29d7158bc5312d113716f\redhat.java         {manageable} {command line}
   size_t InitialHeapSize                          = 104857600                                 {product} {command line}
   size_t MaxHeapSize                              = 1073741824                                {product} {command line}
   size_t MaxNewSize                               = 357564416                                 {product} {ergonomic}
   size_t MinHeapDeltaBytes                        = 524288                                    {product} {ergonomic}
   size_t MinHeapSize                              = 104857600                                 {product} {command line}
   size_t NewSize                                  = 34603008                                  {product} {ergonomic}
    uintx NonNMethodCodeHeapSize                   = 5839372                                {pd product} {ergonomic}
    uintx NonProfiledCodeHeapSize                  = 122909434                              {pd product} {ergonomic}
   size_t OldSize                                  = 70254592                                  {product} {ergonomic}
    uintx ProfiledCodeHeapSize                     = 122909434                              {pd product} {ergonomic}
    uintx ReservedCodeCacheSize                    = 251658240                              {pd product} {ergonomic}
     bool SegmentedCodeCache                       = true                                      {product} {ergonomic}
   size_t SoftMaxHeapSize                          = 1073741824                             {manageable} {ergonomic}
     bool UseCompressedClassPointers               = true                           {product lp64_product} {ergonomic}
     bool UseCompressedOops                        = true                           {product lp64_product} {ergonomic}
     bool UseLargePagesIndividualAllocation        = false                                  {pd product} {ergonomic}
     bool UseParallelGC                            = true                                      {product} {command line}

Logging:
Log output configuration:
 #0: stdout all=off uptime,level,tags
 #1: stderr all=off uptime,level,tags

Environment Variables:
JAVA_HOME=D:\open jdk\
PATH=C:\WINDOWS\system32;C:\WINDOWS;C:\WINDOWS\System32\Wbem;C:\WINDOWS\System32\WindowsPowerShell\v1.0\;C:\WINDOWS\System32\OpenSSH\;D:\open jdk\missioncontrol\;D:\open jdk\webstart\;D:\open jdk\bin;D:\open jdk\jre\bin;D:\Python source\Scripts\;D:\Python source\;C:\Users\HP\AppData\Local\Microsoft\WindowsApps;D:\code\Dev C++\Dev-Cpp\TDM-GCC-64\bin;D:\open jdk\missioncontrol\;D:\open jdk\webstart\;D:\open jdk\bin;D:\open jdk\jre\bin;D:\code\vs code\Microsoft VS Code\bin;D:\IntelJ\IntelliJ IDEA 2023.1.1\bin;;D:\xampp_server\php;
USERNAME=HP
OS=Windows_NT
PROCESSOR_IDENTIFIER=Intel64 Family 6 Model 142 Stepping 12, GenuineIntel
TMP=C:\Users\HP\AppData\Local\Temp
TEMP=C:\Users\HP\AppData\Local\Temp



---------------  S Y S T E M  ---------------

OS:
 Windows 11 , 64 bit Build 22621 (10.0.22621.1928)
OS uptime: 10 days 1:50 hours

CPU: total 8 (initial active 8) (4 cores per cpu, 2 threads per core) family 6 model 142 stepping 12 microcode 0xde, cx8, cmov, fxsr, ht, mmx, 3dnowpref, sse, sse2, sse3, ssse3, sse4.1, sse4.2, popcnt, lzcnt, tsc, tscinvbit, avx, avx2, aes, erms, clmul, bmi1, bmi2, adx, fma, vzeroupper, clflush, clflushopt

Memory: 4k page, system-wide physical 8079M (315M free)
TotalPageFile size 19193M (AvailPageFile size 7M)
current process WorkingSet (physical memory assigned to process): 98M, peak: 98M
current process commit charge ("private bytes"): 213M, peak: 213M

vm_info: OpenJDK 64-Bit Server VM (17.0.7+7) for windows-amd64 JRE (17.0.7+7), built on Apr 18 2023 22:10:42 by "temurin" with MS VC++ 16.7 (VS2019)

END.
